Analysis & Synthesis report for WdPM
Mon Nov  6 14:46:53 2023
Quartus Prime Version 22.1std.0 Build 915 10/25/2022 SC Standard Edition


---------------------
; Table of Contents ;
---------------------
  1. Legal Notice
  2. Analysis & Synthesis Summary
  3. Analysis & Synthesis Settings
  4. Parallel Compilation
  5. Analysis & Synthesis Source Files Read
  6. Analysis & Synthesis Resource Usage Summary
  7. Analysis & Synthesis Resource Utilization by Entity
  8. Registers Removed During Synthesis
  9. Removed Registers Triggering Further Register Optimizations
 10. General Register Statistics
 11. Parameter Settings for User Entity Instance: counter:ProgramCounter
 12. Parameter Settings for User Entity Instance: rom:Rom
 13. Parameter Settings for User Entity Instance: alu:Alu
 14. Parameter Settings for User Entity Instance: a:Accumulator
 15. Parameter Settings for User Entity Instance: rf:Rf
 16. Port Connectivity Checks: "mux2bit4:Mux"
 17. Port Connectivity Checks: "alu:Alu"
 18. Post-Synthesis Netlist Statistics for Top Partition
 19. Elapsed Time Per Partition
 20. Analysis & Synthesis Messages



----------------
; Legal Notice ;
----------------
Copyright (C) 2022  Intel Corporation. All rights reserved.
Your use of Intel Corporation's design tools, logic functions 
and other software and tools, and any partner logic 
functions, and any output files from any of the foregoing 
(including device programming or simulation files), and any 
associated documentation or information are expressly subject 
to the terms and conditions of the Intel Program License 
Subscription Agreement, the Intel Quartus Prime License Agreement,
the Intel FPGA IP License Agreement, or other applicable license
agreement, including, without limitation, that your use is for
the sole purpose of programming logic devices manufactured by
Intel and sold by Intel or its authorized distributors.  Please
refer to the applicable agreement for further details, at
https://fpgasoftware.intel.com/eula.



+--------------------------------------------------------------------------------------+
; Analysis & Synthesis Summary                                                         ;
+---------------------------------+----------------------------------------------------+
; Analysis & Synthesis Status     ; Successful - Mon Nov  6 14:46:53 2023              ;
; Quartus Prime Version           ; 22.1std.0 Build 915 10/25/2022 SC Standard Edition ;
; Revision Name                   ; WdPM                                               ;
; Top-level Entity Name           ; processor                                          ;
; Family                          ; Cyclone V                                          ;
; Logic utilization (in ALMs)     ; N/A                                                ;
; Total registers                 ; 12                                                 ;
; Total pins                      ; 9                                                  ;
; Total virtual pins              ; 0                                                  ;
; Total block memory bits         ; 0                                                  ;
; Total DSP Blocks                ; 0                                                  ;
; Total HSSI RX PCSs              ; 0                                                  ;
; Total HSSI PMA RX Deserializers ; 0                                                  ;
; Total HSSI TX PCSs              ; 0                                                  ;
; Total HSSI PMA TX Serializers   ; 0                                                  ;
; Total PLLs                      ; 0                                                  ;
; Total DLLs                      ; 0                                                  ;
+---------------------------------+----------------------------------------------------+


+---------------------------------------------------------------------------------------------------------------------------+
; Analysis & Synthesis Settings                                                                                             ;
+---------------------------------------------------------------------------------+--------------------+--------------------+
; Option                                                                          ; Setting            ; Default Value      ;
+---------------------------------------------------------------------------------+--------------------+--------------------+
; Device                                                                          ; 5CSEMA5F31C6       ;                    ;
; Top-level entity name                                                           ; processor          ; WdPM               ;
; Family name                                                                     ; Cyclone V          ; Cyclone V          ;
; Use smart compilation                                                           ; Off                ; Off                ;
; Enable parallel Assembler and Timing Analyzer during compilation                ; On                 ; On                 ;
; Enable compact report table                                                     ; Off                ; Off                ;
; Restructure Multiplexers                                                        ; Auto               ; Auto               ;
; MLAB Add Timing Constraints For Mixed-Port Feed-Through Mode Setting Don't Care ; Off                ; Off                ;
; Create Debugging Nodes for IP Cores                                             ; Off                ; Off                ;
; Preserve fewer node names                                                       ; On                 ; On                 ;
; Intel FPGA IP Evaluation Mode                                                   ; Enable             ; Enable             ;
; Verilog Version                                                                 ; Verilog_2001       ; Verilog_2001       ;
; VHDL Version                                                                    ; VHDL_1993          ; VHDL_1993          ;
; State Machine Processing                                                        ; Auto               ; Auto               ;
; Safe State Machine                                                              ; Off                ; Off                ;
; Extract Verilog State Machines                                                  ; On                 ; On                 ;
; Extract VHDL State Machines                                                     ; On                 ; On                 ;
; Ignore Verilog initial constructs                                               ; Off                ; Off                ;
; Iteration limit for constant Verilog loops                                      ; 5000               ; 5000               ;
; Iteration limit for non-constant Verilog loops                                  ; 250                ; 250                ;
; Add Pass-Through Logic to Inferred RAMs                                         ; On                 ; On                 ;
; Infer RAMs from Raw Logic                                                       ; On                 ; On                 ;
; Parallel Synthesis                                                              ; On                 ; On                 ;
; DSP Block Balancing                                                             ; Auto               ; Auto               ;
; NOT Gate Push-Back                                                              ; On                 ; On                 ;
; Power-Up Don't Care                                                             ; On                 ; On                 ;
; Remove Redundant Logic Cells                                                    ; Off                ; Off                ;
; Remove Duplicate Registers                                                      ; On                 ; On                 ;
; Ignore CARRY Buffers                                                            ; Off                ; Off                ;
; Ignore CASCADE Buffers                                                          ; Off                ; Off                ;
; Ignore GLOBAL Buffers                                                           ; Off                ; Off                ;
; Ignore ROW GLOBAL Buffers                                                       ; Off                ; Off                ;
; Ignore LCELL Buffers                                                            ; Off                ; Off                ;
; Ignore SOFT Buffers                                                             ; On                 ; On                 ;
; Limit AHDL Integers to 32 Bits                                                  ; Off                ; Off                ;
; Optimization Technique                                                          ; Balanced           ; Balanced           ;
; Carry Chain Length                                                              ; 70                 ; 70                 ;
; Auto Carry Chains                                                               ; On                 ; On                 ;
; Auto Open-Drain Pins                                                            ; On                 ; On                 ;
; Perform WYSIWYG Primitive Resynthesis                                           ; Off                ; Off                ;
; Auto ROM Replacement                                                            ; On                 ; On                 ;
; Auto RAM Replacement                                                            ; On                 ; On                 ;
; Auto DSP Block Replacement                                                      ; On                 ; On                 ;
; Auto Shift Register Replacement                                                 ; Auto               ; Auto               ;
; Allow Shift Register Merging across Hierarchies                                 ; Auto               ; Auto               ;
; Auto Clock Enable Replacement                                                   ; On                 ; On                 ;
; Strict RAM Replacement                                                          ; Off                ; Off                ;
; Allow Synchronous Control Signals                                               ; On                 ; On                 ;
; Force Use of Synchronous Clear Signals                                          ; Off                ; Off                ;
; Auto Resource Sharing                                                           ; Off                ; Off                ;
; Allow Any RAM Size For Recognition                                              ; Off                ; Off                ;
; Allow Any ROM Size For Recognition                                              ; Off                ; Off                ;
; Allow Any Shift Register Size For Recognition                                   ; Off                ; Off                ;
; Use LogicLock Constraints during Resource Balancing                             ; On                 ; On                 ;
; Ignore translate_off and synthesis_off directives                               ; Off                ; Off                ;
; Timing-Driven Synthesis                                                         ; On                 ; On                 ;
; Report Parameter Settings                                                       ; On                 ; On                 ;
; Report Source Assignments                                                       ; On                 ; On                 ;
; Report Connectivity Checks                                                      ; On                 ; On                 ;
; Ignore Maximum Fan-Out Assignments                                              ; Off                ; Off                ;
; Synchronization Register Chain Length                                           ; 3                  ; 3                  ;
; Power Optimization During Synthesis                                             ; Normal compilation ; Normal compilation ;
; HDL message level                                                               ; Level2             ; Level2             ;
; Suppress Register Optimization Related Messages                                 ; Off                ; Off                ;
; Number of Removed Registers Reported in Synthesis Report                        ; 5000               ; 5000               ;
; Number of Swept Nodes Reported in Synthesis Report                              ; 5000               ; 5000               ;
; Number of Inverted Registers Reported in Synthesis Report                       ; 100                ; 100                ;
; Clock MUX Protection                                                            ; On                 ; On                 ;
; Auto Gated Clock Conversion                                                     ; Off                ; Off                ;
; Block Design Naming                                                             ; Auto               ; Auto               ;
; SDC constraint protection                                                       ; Off                ; Off                ;
; Synthesis Effort                                                                ; Auto               ; Auto               ;
; Shift Register Replacement - Allow Asynchronous Clear Signal                    ; On                 ; On                 ;
; Pre-Mapping Resynthesis Optimization                                            ; Off                ; Off                ;
; Analysis & Synthesis Message Level                                              ; Medium             ; Medium             ;
; Disable Register Merging Across Hierarchies                                     ; Auto               ; Auto               ;
; Resource Aware Inference For Block RAM                                          ; On                 ; On                 ;
; Automatic Parallel Synthesis                                                    ; On                 ; On                 ;
; Partial Reconfiguration Bitstream ID                                            ; Off                ; Off                ;
+---------------------------------------------------------------------------------+--------------------+--------------------+


+------------------------------------------+
; Parallel Compilation                     ;
+----------------------------+-------------+
; Processors                 ; Number      ;
+----------------------------+-------------+
; Number detected on machine ; 12          ;
; Maximum allowed            ; 6           ;
;                            ;             ;
; Average used               ; 1.00        ;
; Maximum used               ; 6           ;
;                            ;             ;
; Usage by Processor         ; % Time Used ;
;     Processor 1            ; 100.0%      ;
;     Processors 2-6         ;   0.0%      ;
+----------------------------+-------------+


+--------------------------------------------------------------------------------------------------------------------------------------------+
; Analysis & Synthesis Source Files Read                                                                                                     ;
+----------------------------------+-----------------+------------------------+----------------------------------------------------+---------+
; File Name with User-Entered Path ; Used in Netlist ; File Type              ; File Name with Absolute Path                       ; Library ;
+----------------------------------+-----------------+------------------------+----------------------------------------------------+---------+
; counter.v                        ; yes             ; User Verilog HDL File  ; /home/student/Projects/Quartus/WdPM/counter.v      ;         ;
; rom.v                            ; yes             ; User Verilog HDL File  ; /home/student/Projects/Quartus/WdPM/rom.v          ;         ;
; id.v                             ; yes             ; User Verilog HDL File  ; /home/student/Projects/Quartus/WdPM/id.v           ;         ;
; processor.v                      ; yes             ; User Verilog HDL File  ; /home/student/Projects/Quartus/WdPM/processor.v    ;         ;
; instructions.v                   ; yes             ; User Verilog HDL File  ; /home/student/Projects/Quartus/WdPM/instructions.v ;         ;
; alu.v                            ; yes             ; User Verilog HDL File  ; /home/student/Projects/Quartus/WdPM/alu.v          ;         ;
; rf.v                             ; yes             ; User Verilog HDL File  ; /home/student/Projects/Quartus/WdPM/rf.v           ;         ;
; a.v                              ; yes             ; User Verilog HDL File  ; /home/student/Projects/Quartus/WdPM/a.v            ;         ;
; mux2bit4.v                       ; yes             ; User Verilog HDL File  ; /home/student/Projects/Quartus/WdPM/mux2bit4.v     ;         ;
+----------------------------------+-----------------+------------------------+----------------------------------------------------+---------+


+---------------------------------------------------------+
; Analysis & Synthesis Resource Usage Summary             ;
+---------------------------------------------+-----------+
; Resource                                    ; Usage     ;
+---------------------------------------------+-----------+
; Estimate of Logic utilization (ALMs needed) ; 7         ;
;                                             ;           ;
; Combinational ALUT usage for logic          ; 13        ;
;     -- 7 input functions                    ; 0         ;
;     -- 6 input functions                    ; 0         ;
;     -- 5 input functions                    ; 4         ;
;     -- 4 input functions                    ; 7         ;
;     -- <=3 input functions                  ; 2         ;
;                                             ;           ;
; Dedicated logic registers                   ; 12        ;
;                                             ;           ;
; I/O pins                                    ; 9         ;
;                                             ;           ;
; Total DSP Blocks                            ; 0         ;
;                                             ;           ;
; Maximum fan-out node                        ; clk~input ;
; Maximum fan-out                             ; 12        ;
; Total fan-out                               ; 91        ;
; Average fan-out                             ; 2.12      ;
+---------------------------------------------+-----------+


+-------------------------------------------------------------------------------------------------------------------------------------------------------------------------------------------------------+
; Analysis & Synthesis Resource Utilization by Entity                                                                                                                                                   ;
+-----------------------------+---------------------+---------------------------+-------------------+------------+------+--------------+-----------------------------------+-------------+--------------+
; Compilation Hierarchy Node  ; Combinational ALUTs ; Dedicated Logic Registers ; Block Memory Bits ; DSP Blocks ; Pins ; Virtual Pins ; Full Hierarchy Name               ; Entity Name ; Library Name ;
+-----------------------------+---------------------+---------------------------+-------------------+------------+------+--------------+-----------------------------------+-------------+--------------+
; |processor                  ; 13 (0)              ; 12 (7)                    ; 0                 ; 0          ; 9    ; 0            ; |processor                        ; processor   ; work         ;
;    |a:Accumulator|          ; 1 (1)               ; 1 (1)                     ; 0                 ; 0          ; 0    ; 0            ; |processor|a:Accumulator          ; a           ; work         ;
;    |alu:Alu|                ; 3 (3)               ; 0 (0)                     ; 0                 ; 0          ; 0    ; 0            ; |processor|alu:Alu                ; alu         ; work         ;
;    |counter:ProgramCounter| ; 4 (4)               ; 4 (4)                     ; 0                 ; 0          ; 0    ; 0            ; |processor|counter:ProgramCounter ; counter     ; work         ;
;    |id:InstructionDecoder|  ; 1 (1)               ; 0 (0)                     ; 0                 ; 0          ; 0    ; 0            ; |processor|id:InstructionDecoder  ; id          ; work         ;
;    |rom:Rom|                ; 4 (4)               ; 0 (0)                     ; 0                 ; 0          ; 0    ; 0            ; |processor|rom:Rom                ; rom         ; work         ;
+-----------------------------+---------------------+---------------------------+-------------------+------------+------+--------------+-----------------------------------+-------------+--------------+
Note: For table entries with two numbers listed, the numbers in parentheses indicate the number of resources of the given type used by the specific entity alone. The numbers listed outside of parentheses indicate the total resources of the given type used by the specific entity and all of its sub-entities in the hierarchy.


+-------------------------------------------------------------------------------------+
; Registers Removed During Synthesis                                                  ;
+---------------------------------------+---------------------------------------------+
; Register name                         ; Reason for Removal                          ;
+---------------------------------------+---------------------------------------------+
; rf:Rf|out[0,1]                        ; Stuck at GND due to stuck port clock_enable ;
; a:Accumulator|out[1]                  ; Lost fanout                                 ;
; rf:Rf|out[2]                          ; Stuck at GND due to stuck port clock_enable ;
; a:Accumulator|out[2]                  ; Lost fanout                                 ;
; rf:Rf|out[3]                          ; Stuck at GND due to stuck port clock_enable ;
; a:Accumulator|out[3]                  ; Lost fanout                                 ;
; out[2]~reg0                           ; Stuck at GND due to stuck port data_in      ;
; Total Number of Removed Registers = 8 ;                                             ;
+---------------------------------------+---------------------------------------------+


+-----------------------------------------------------------------------------------------+
; Removed Registers Triggering Further Register Optimizations                             ;
+---------------+--------------------------------+----------------------------------------+
; Register name ; Reason for Removal             ; Registers Removed due to This Register ;
+---------------+--------------------------------+----------------------------------------+
; rf:Rf|out[0]  ; Stuck at GND                   ; out[2]~reg0                            ;
;               ; due to stuck port clock_enable ;                                        ;
; rf:Rf|out[1]  ; Stuck at GND                   ; a:Accumulator|out[1]                   ;
;               ; due to stuck port clock_enable ;                                        ;
; rf:Rf|out[2]  ; Stuck at GND                   ; a:Accumulator|out[2]                   ;
;               ; due to stuck port clock_enable ;                                        ;
; rf:Rf|out[3]  ; Stuck at GND                   ; a:Accumulator|out[3]                   ;
;               ; due to stuck port clock_enable ;                                        ;
+---------------+--------------------------------+----------------------------------------+


+------------------------------------------------------+
; General Register Statistics                          ;
+----------------------------------------------+-------+
; Statistic                                    ; Value ;
+----------------------------------------------+-------+
; Total registers                              ; 12    ;
; Number of registers using Synchronous Clear  ; 0     ;
; Number of registers using Synchronous Load   ; 0     ;
; Number of registers using Asynchronous Clear ; 0     ;
; Number of registers using Asynchronous Load  ; 0     ;
; Number of registers using Clock Enable       ; 0     ;
; Number of registers using Preset             ; 0     ;
+----------------------------------------------+-------+


+---------------------------------------------------------------------+
; Parameter Settings for User Entity Instance: counter:ProgramCounter ;
+----------------+-------+--------------------------------------------+
; Parameter Name ; Value ; Type                                       ;
+----------------+-------+--------------------------------------------+
; WIDTH          ; 4     ; Signed Integer                             ;
+----------------+-------+--------------------------------------------+
Note: In order to hide this table in the UI and the text report file, please set the "Show Parameter Settings in Synthesis Report" option in "Analysis and Synthesis Settings -> More Settings" to "Off".


+------------------------------------------------------+
; Parameter Settings for User Entity Instance: rom:Rom ;
+----------------+-------+-----------------------------+
; Parameter Name ; Value ; Type                        ;
+----------------+-------+-----------------------------+
; RAM_WIDTH      ; 8     ; Signed Integer              ;
; RAM_ADDR_BITS  ; 4     ; Signed Integer              ;
+----------------+-------+-----------------------------+
Note: In order to hide this table in the UI and the text report file, please set the "Show Parameter Settings in Synthesis Report" option in "Analysis and Synthesis Settings -> More Settings" to "Off".


+------------------------------------------------------+
; Parameter Settings for User Entity Instance: alu:Alu ;
+----------------+-------+-----------------------------+
; Parameter Name ; Value ; Type                        ;
+----------------+-------+-----------------------------+
; WIDTH          ; 4     ; Signed Integer              ;
+----------------+-------+-----------------------------+
Note: In order to hide this table in the UI and the text report file, please set the "Show Parameter Settings in Synthesis Report" option in "Analysis and Synthesis Settings -> More Settings" to "Off".


+------------------------------------------------------------+
; Parameter Settings for User Entity Instance: a:Accumulator ;
+----------------+-------+-----------------------------------+
; Parameter Name ; Value ; Type                              ;
+----------------+-------+-----------------------------------+
; WIDTH          ; 4     ; Signed Integer                    ;
+----------------+-------+-----------------------------------+
Note: In order to hide this table in the UI and the text report file, please set the "Show Parameter Settings in Synthesis Report" option in "Analysis and Synthesis Settings -> More Settings" to "Off".


+----------------------------------------------------+
; Parameter Settings for User Entity Instance: rf:Rf ;
+----------------+-------+---------------------------+
; Parameter Name ; Value ; Type                      ;
+----------------+-------+---------------------------+
; WIDTH          ; 4     ; Signed Integer            ;
+----------------+-------+---------------------------+
Note: In order to hide this table in the UI and the text report file, please set the "Show Parameter Settings in Synthesis Report" option in "Analysis and Synthesis Settings -> More Settings" to "Off".


+---------------------------------------------------------------------------------------------------------------------------------------------------+
; Port Connectivity Checks: "mux2bit4:Mux"                                                                                                          ;
+------+--------+----------+------------------------------------------------------------------------------------------------------------------------+
; Port ; Type   ; Severity ; Details                                                                                                                ;
+------+--------+----------+------------------------------------------------------------------------------------------------------------------------+
; out  ; Output ; Warning  ; Output or bidir port (4 bits) is wider than the port expression (1 bits) it drives; bit(s) "out[3..1]" have no fanouts ;
+------+--------+----------+------------------------------------------------------------------------------------------------------------------------+


+-----------------------------------------------------------------------------------------------------------------------------------------------------------------------+
; Port Connectivity Checks: "alu:Alu"                                                                                                                                   ;
+------+-------+----------+---------------------------------------------------------------------------------------------------------------------------------------------+
; Port ; Type  ; Severity ; Details                                                                                                                                     ;
+------+-------+----------+---------------------------------------------------------------------------------------------------------------------------------------------+
; in1  ; Input ; Warning  ; Input port expression (1 bits) is smaller than the input port (4 bits) it drives.  Extra input bit(s) "in1[3..1]" will be connected to GND. ;
+------+-------+----------+---------------------------------------------------------------------------------------------------------------------------------------------+


+-----------------------------------------------------+
; Post-Synthesis Netlist Statistics for Top Partition ;
+-----------------------+-----------------------------+
; Type                  ; Count                       ;
+-----------------------+-----------------------------+
; arriav_ff             ; 12                          ;
;     plain             ; 12                          ;
; arriav_lcell_comb     ; 14                          ;
;     normal            ; 14                          ;
;         0 data inputs ; 1                           ;
;         1 data inputs ; 1                           ;
;         2 data inputs ; 1                           ;
;         4 data inputs ; 7                           ;
;         5 data inputs ; 4                           ;
; boundary_port         ; 9                           ;
;                       ;                             ;
; Max LUT depth         ; 2.00                        ;
; Average LUT depth     ; 1.04                        ;
+-----------------------+-----------------------------+


+-------------------------------+
; Elapsed Time Per Partition    ;
+----------------+--------------+
; Partition Name ; Elapsed Time ;
+----------------+--------------+
; Top            ; 00:00:00     ;
+----------------+--------------+


+-------------------------------+
; Analysis & Synthesis Messages ;
+-------------------------------+
Info: *******************************************************************
Info: Running Quartus Prime Analysis & Synthesis
    Info: Version 22.1std.0 Build 915 10/25/2022 SC Standard Edition
    Info: Processing started: Mon Nov  6 14:46:48 2023
Info: Command: quartus_map --read_settings_files=on --write_settings_files=off WdPM -c WdPM
Warning (18236): Number of processors has not been specified which may cause overloading on shared machines.  Set the global assignment NUM_PARALLEL_PROCESSORS in your QSF to an appropriate value for best performance.
Info (20030): Parallel compilation is enabled and will use 6 of the 6 processors detected
Info (12021): Found 1 design units, including 1 entities, in source file counter.v
    Info (12023): Found entity 1: counter File: /home/student/Projects/Quartus/WdPM/counter.v Line: 1
Info (12021): Found 1 design units, including 1 entities, in source file rom.v
    Info (12023): Found entity 1: rom File: /home/student/Projects/Quartus/WdPM/rom.v Line: 4
Info (12021): Found 1 design units, including 1 entities, in source file id.v
    Info (12023): Found entity 1: id File: /home/student/Projects/Quartus/WdPM/id.v Line: 3
Info (12021): Found 1 design units, including 1 entities, in source file processor.v
    Info (12023): Found entity 1: processor File: /home/student/Projects/Quartus/WdPM/processor.v Line: 1
Info (12021): Found 0 design units, including 0 entities, in source file instructions.v
Info (12021): Found 1 design units, including 1 entities, in source file alu.v
    Info (12023): Found entity 1: alu File: /home/student/Projects/Quartus/WdPM/alu.v Line: 1
Info (12021): Found 1 design units, including 1 entities, in source file rf.v
    Info (12023): Found entity 1: rf File: /home/student/Projects/Quartus/WdPM/rf.v Line: 1
Info (12021): Found 1 design units, including 1 entities, in source file a.v
    Info (12023): Found entity 1: a File: /home/student/Projects/Quartus/WdPM/a.v Line: 1
Info (12021): Found 1 design units, including 1 entities, in source file mux2bit4.v
    Info (12023): Found entity 1: mux2bit4 File: /home/student/Projects/Quartus/WdPM/mux2bit4.v Line: 1
Warning (10236): Verilog HDL Implicit Net warning at processor.v(45): created implicit net for "mux_out" File: /home/student/Projects/Quartus/WdPM/processor.v Line: 45
Info (12127): Elaborating entity "processor" for the top level hierarchy
Info (12128): Elaborating entity "counter" for hierarchy "counter:ProgramCounter" File: /home/student/Projects/Quartus/WdPM/processor.v Line: 28
Warning (10230): Verilog HDL assignment warning at counter.v(10): truncated value with size 32 to match size of target (4) File: /home/student/Projects/Quartus/WdPM/counter.v Line: 10
Info (12128): Elaborating entity "rom" for hierarchy "rom:Rom" File: /home/student/Projects/Quartus/WdPM/processor.v Line: 33
Warning (10030): Net "mem.data_a" at rom.v(17) has no driver or initial value, using a default initial value '0' File: /home/student/Projects/Quartus/WdPM/rom.v Line: 17
Warning (10030): Net "mem.waddr_a" at rom.v(17) has no driver or initial value, using a default initial value '0' File: /home/student/Projects/Quartus/WdPM/rom.v Line: 17
Warning (10030): Net "mem.we_a" at rom.v(17) has no driver or initial value, using a default initial value '0' File: /home/student/Projects/Quartus/WdPM/rom.v Line: 17
Info (12128): Elaborating entity "id" for hierarchy "id:InstructionDecoder" File: /home/student/Projects/Quartus/WdPM/processor.v Line: 42
Info (12128): Elaborating entity "alu" for hierarchy "alu:Alu" File: /home/student/Projects/Quartus/WdPM/processor.v Line: 49
Info (12128): Elaborating entity "a" for hierarchy "a:Accumulator" File: /home/student/Projects/Quartus/WdPM/processor.v Line: 56
Info (12128): Elaborating entity "rf" for hierarchy "rf:Rf" File: /home/student/Projects/Quartus/WdPM/processor.v Line: 63
Info (12128): Elaborating entity "mux2bit4" for hierarchy "mux2bit4:Mux" File: /home/student/Projects/Quartus/WdPM/processor.v Line: 70
Info (276014): Found 1 instances of uninferred RAM logic
    Info (276004): RAM logic "rom:Rom|mem" is uninferred due to inappropriate RAM size File: /home/student/Projects/Quartus/WdPM/rom.v Line: 17
Warning (12241): 2 hierarchies have connectivity warnings - see the Connectivity Checks report folder
Info (286030): Timing-Driven Synthesis is running
Info (17049): 3 registers lost all their fanouts during netlist optimizations.
Info (16010): Generating hard_block partition "hard_block:auto_generated_inst"
    Info (16011): Adding 0 node(s), including 0 DDIO, 0 PLL, 0 transceiver and 0 LCELL
Info (21057): Implemented 25 device resources after synthesis - the final resource count might be different
    Info (21058): Implemented 1 input pins
    Info (21059): Implemented 8 output pins
    Info (21061): Implemented 16 logic cells
Info: Quartus Prime Analysis & Synthesis was successful. 0 errors, 7 warnings
    Info: Peak virtual memory: 497 megabytes
    Info: Processing ended: Mon Nov  6 14:46:53 2023
    Info: Elapsed time: 00:00:05
    Info: Total CPU time (on all processors): 00:00:12


